SahFn6nNTPoLr8lfqS40Hx3O6Np8Kf3jYyQPQ5dj2jgUB8gY+Z5nv1MPnF2qkw7D
KorH0247NE3B/Mo9/a4EvLKX/XmksZ3P0j9JfVmL717bxAwqJWtDDbcO7yvb/mVH
mx0CJsjsOVGE8Ldj8kUF/7o4lcOo3IiZfY2EtIifXvMENCXCWW6SsZPcCduNqwru
93s6qVTz/LPtSMrZ2YNa+nt/qttRxRTBNNPIjhbVBLbPISBki/1vKCB68elw8dvY
1/UNXFTg0dazeXf9b9cyN4kgY6QEqL3kfJQDy3DrWNDd5PgJO4qP5NYsvFNVArJd
W+J/Oete2BsCmle5R9IhteD6kbpZysrV+oa5sOnaJlUink16cBapdrxwVgm/yaLq
WQD+yOSObpqZ+vkG9PqeVQRo1QxTexQJsvvsaqJrGCvw5KAk5uCRWzvZseQrEFyE
RVnALRMmOexyt1oNVEbLvAavAHzah2hAxM2ou7hTc8By3lvpJuibzuc4zdCvcrYK
Iv3J4xo7SYRPUZkPxXcHUuojzywYinCtTIEjiVmCLRhR+8Gcttg3mC3U8TfkgJlY
PyxrK8kyw4h9OZOh1rDE+F0ooq9AOgHdS/eSOtq0BH9xgbyoiRm5Ur3B4l1GE1sz
ObvWnOt6eB+wNkViSQZaHdYlMOSF0GV2r32y/J7gV0hRfYf/KqJyGJAiRz3cMTqH
G+/jlaJsY+aQRhLBNSj6rWCbnlF8cAyg92LPAR6liMkHxg7vk6YceYJpHBxwBQyP
cio/Ll7jWmqj13W01OHHW4VCKzn2d+ZvSIS+KizyLXl6imKRKjQIeoq2BVHNnw2u
69HcuIcXQQv9/Rsmmg76YfAhlfQSe4WNjAhXG/OO1qeZ2GgJWLT3D1cYVN1hrH/c
px0sFhBqWYC2u2q62QZFMTokEWvZjk8TA6o6L1Lh24AWL7wdsRPVMgtLxwS2A/UI
y9xSt/t7zw09szzc62BSLDnTMiLqP6H4i8VrlvE9BqttFXBQuZWIxAdZfO/he03w
acvN13pkn5F1EDYOyHp6uqkR5JNNs9TdqrFw1KyAxmFez75eyhjzmlcLiGYi0yxc
KKl7zJasIsyxGtwXaHd1rsmBCf8npaqJPrInjXRFJ9OwJazq3SgIxxPfW/9Gqs9Q
LHHX1McM82vRPKHOozM2cLpFEWqBYhL2eZ4HvkYgZgCqToJpnJ75mwASyIYQxgzM
YyKYAnCvDqw2rgfYyaYr1mL710T7CVVHqP0zCB4b/w9tZ9iHZ67t9UBKomwdpzGd
83uyrg9v3KS+QrJ6fiPUGU2zskQwk+fewKX5+EwBCe33sRushQJqlU5ZBn15365o
sgkPGlHQ3jZ41KC5Perk0kfhE71tQ9rS/zxX0lQ+gCqlPSd+Q9q/I7hwZIC/OK0I
N0f8vnbPs0Aeu8vIX/BOUQ0mPgk8dVtQtYRpRdn+oUo6vbFTClgyhKWHTu2h8y9Y
AqBIP66fEjz8yA3yq9KgQMid6pHrVWBO+UyEj7QzcVLAQBeKaqzKeqEG239iRiNu
Wd+hEIcCzmMhO31bRUnpqvnqSitubtSOr33aBDeAZKzCBhXCx6PWrhhUVRFPU81w
loM+dNEHndpcA40Zb1V6UFxMduP5qb9WDe+UE/IsM55XAldVPZTrD21HD7pBBjlS
CNwCjz0D87wyxHB+J6z8OQX9cMJ/krqNK+h1kg4aDUhb1ya7stgXEGLjkR6XpWzB
gMDTr3cwxvpjyyP3Xe9uQSNR9VabG2vphjPqjoRDJnc1BfMGFXcfr0qA0G6iL++F
fddWKJZQJZlmXhDO7eI/DyrUBzdTEtpdW8Ba5Vx6Jbd3TrDiywknupPX/2YuCmFb
GY58Qsfr+fsAomeIAtB+DFADUTO2NnKZ5BR2hEC49Vb3FxPSPuDntfbPjqYlqHSh
EgKitql3vsmxkA+69oiHZ59fOL84eiOQfS6tff6SSlyoFPWfjoiYsxkKtbGNvgFQ
MgLoPa9APCFuH9ngkBxtsw8rW+xkYEDycBrn6UvLT3m+VKZ55FoLBl1EPjs3ZtDc
F7AIr2PX4rleErpZs+Wwur9c2daQpVwwkBmMgUiXd6PxJbOBOS5kc54h/VOXwoXj
rvzGtfFuBpjDtkZlqjgvJVpz9aTAZBLSJZyWo5OwF1DoKdaH8+pVbHX0fEKCfRZq
TAy1Sp3jl7rySibEYpI/KQSpLF9XTBbRNPOWqtaOYRkAmWswKLZNHU/oKGBqHJ+P
xNZmRsjHicWyMamQe6yiIqZbyQ/G7/a/gEE9NrVPqW9kVH5kucWGhFvBqfka3II4
qFacn2FUlzKh/h5ivWUP17cyEckzgFkW916xj5ZAR92vKGuw7reDicaXqG5TBu9E
83X3Qvquhywfb44aWblj81X3p+5kvnXFim5Zioich4/v0xNq5QcNr9UjH09DqLWx
32Ghmep/dtpSzbNoKiKsuP1vJNwjBmILIXeX9VN9nl0D+G8KQDFouHh5oVJVnB0H
SUqNJlYDz7C9oxLolm9EIcmCW5KYtyAEbcBysyAQ0pbCtbkhkWdeAVPDXOew+2jo
DRW/qEvuH37tNUQTe7WXh/yyGEyWA06phntQ2OxpkfLgH2lUeG9yDXHQaUHSa9cm
eRV3zevZUR4KrShn11S/zr/0u5WKepUQxs7pCWjJAahipGE9XWsAPQIkiJH/b5/B
8ehE0e+uvajBuPH6Tn9Mf50tvpdw6VM0INVc+PkJgc1QeMOU55UtUWW91WrT99fq
kHJCGRP2DO1Vfce4PFO10Tir4i02m/hjPu3PO+P50TKu6n5HgNG0TfRlShLOn4GN
HV0PdYjJTgfQ8oOgE2/HmbNt/ppRlwkukS2/L4r+1KX/MHKYl+1XNXqMPzv1d8/z
g1bbKk0TvqjD5swsdvR93u6TA5AznKBLl5rmDkHtKgc3qoKJJiY0XkdeUAZk7x31
qNAYSLKcZ0D05b92PGxFIRTS8o7O2G0NOWBA/+32gSmmQ97plWFf9tbn+PlmGNFc
Z/4yLgY3GnU66usBMEL6YL8msrtaFAEEDnw7aePGXkpd+UhZLlQ6JcNqhXCDjcic
1NmYlvWIE5Ivarou4OVyUVotYNKrlGfWVOZ07qoR/kRsSvuHTkGBD4nxBLO8XX8g
EuhHbojIkvFgqbfVFR9ekKLNoyhZ0U4RVud0lFY3lowundBMsJwH86IEhfF1B3HI
K0bZisfIHrAm4Ef1+EoPGKK5AR2texjJqRwKdfrjgL3jtPCP+kyxIthiuTlJEDRA
yO5jGHEm1N23Cgq+J8juPswj3ILpAwNS5m8CAGA12R9DJPyCUJDTahfusoZHu80f
uY9UCFTLgMBLAa9lNPpoAPT7znMhHPzCzpewdavKtg3NXnzQZJUpaOLXZd68N59P
Yt1QmL0Yyicn9vIJ++6Ie6K8cAE6FL9da3lVN9ZrPQ/GmeytK5oJglsl0BL2pDlH
7S0G6CEO/kOSC5R77bnmotGnMUUxfDNzORTIAca1fwebgERTRQVrxG9cVszHeGsE
buXJmtNqCR11bYhuAYQ2MeO+MM/xrFryk5m/Malr2IFpj4aVxBChfdnqOsuYZrZ/
o1GWrmqtwPEHYPDu0mZNkBSPSXiDQ40+Jyfi6muothEHaKDo91IzW9yD0a0/GuRd
7wLiMDSTn9OUXrxfqof/z9iQGDaPaD0SHqR7+/54KWqcbKxroBsmgVo1Y8rxr4uy
q5zsVku9cVZprFsmDMzmZKLFy+hFxtprycOOvPC6haKIqHDtBESIlz0xUl2j7rIW
5wZNT/bd5OBLNZxgPjNEWpQ9z7nwcmXtnm7lH0MofY/ks55Cx422BpB9vuasqcxK
ZzvcTLQ9eL5waUg/g46mRnxq0+AQCDHunXn9yDW6qycxyACpXHAZncZ8CU+HqKD7
80ZK8COfCdAsqhECv3zoQI7TRR4liGYjDv4eNPAld27Y1hzcZNcLTG4iHg9FWBZz
hjpIlghtv+Wkqo5qusMwiCFdAcyx1hIwtFgS7CYhXKpAmP3eit9t5BoAuY8d7uUB
nGTaWCXwIzAJqdisNmvLhXYdqrJxzSzV98YfbSQJK+/FY+Lb/J54nsEKmIQ5EY8W
dkq9ynXvHr+gKz78pKxpfKws4Im6w2i4+QnwBzDbutx33m9s4BfkxfulCCOVD45P
b2KSP3DolinUvXg8X7fXrUdQ5RgGNt+vwkkj9EEftRjvPSuHJlapf5FMgkOzMVui
3t2ESqkM0dDg/9LCXqiRtofGl6zBT+28pesT8LHq1r9ZGuSW4yVxDi7vC2InTyz4
rP0TTe2XIGNKw3qvWoyApA7NwE7/xwIFGWOXUU57likz7TlEYwz1wbWVbozqAEbf
WJ804bNJ0T3HDYdqaGy1biDfHTwEIpoHndfCt8gqIG6JtynrrjYUN0+aclBRlAHm
/kn5q8HFu1R4WT76sp6OZhd50af+Und+7VPlXNpSU14KLy1CDJEEltCwJ/cqT/+Z
3iLPZIis3F0vAKXnUeq1FllWEHXseYG4vSxB4W+OsVnw2XiFZn3XnAQIMjk/RYEu
xFBf2GYrxL6a2DEghrz/VV2ff+P1STo9OW2lFEhjwAp2QxONf1fdE5xoGB7R5ILo
tL7yh0CWKtDusix1OLZer3Gs1WPn/ok2gyRscPUbReGB+DobUERNqrWVljTLqpLc
t5YwfYjg4q0bbwZciQfoZ/h40a0huMZlL+oAOzBvAxNyAC7bIgeHkdOVUgCqY94R
yg6zX9eo2BssPN8j7PCx7LB9bfyJKuV3PW24m22MPAe9N0cA7xuR2spbojt0NU3R
z8P0VncsObwZWi3GE/YPyWUSImhj0RKcGHGfKmfznwMSPlu1Y6kPnm2ky/H1UGBs
7aErx9j1hMDlLJ8vO8JZ13+9epLz5jpLZSotZkpJYymXvnXfkQuYS3rIMc9rt/hv
FwzX2CFEwKSSKLkiydXxBKz1TnAvgeRULvRpRJ6ckpHWgbpQf3egDBZiMUA0mu/K
8bDIhOLJoLIjkuwBH6zlmgDtoV8mIb7BEK6t5YmEa6DLNVkhnAdu/eBAc4JECUZf
ZqHOEpg3PBL0hQShSKUFdGBqmcSTywpcv4zlKEwFl2ytvfUKGNj+ttd0xgH1PgMk
WkhtCONBRyT65x6rHU/DXFOkZB4KKaPAMT6ho77IKxi3UIFJXFLNBS9zV9FlqrPW
cT7SCzOhypmVKZc7AdCr1m+RQ8RISSs2zp3AloeD4HA5bWqu3kW+NbR87Jt/306P
tsHlyAQeWlcrkvDjOInjZIjucGvmx+J/xBJtc9n2jtPxF/Wt8esPnVBT5X/GuGMR
Nqfjt9nVo5vyNkp/raEuxYEKuzb3gM9DTpAIRxeWyL20kigtRNntq1Ot3DNAFKBW
x9Ls/Jy1KBSZFIRi3PK9cM4zEEvt1p0mzqjpCdb39aiOcXRfdI/qZA1//KmHkDwg
IDyydklEyL1gf1KB2rBvqA/z3T2HpszRXjZS6oS2uBe0plUNm5sFIsYNEdBhb7Zr
+Cx69tfW8FlptcnmfRGKJrWI2ACDckx4NKTiktorD9bvAPbgpcKSU4s1O5rCDTiN
2HTHPtiqA52hlPSOLGYZdMRLPf4q1sS4XekrE6yB2Gjc6w1JtxhhIkwiONwyiHuC
9aHVb9cn318Utgz02Ij9Jr5m5ts5/WkVbef/4NvhgsqqmDgnb7dMy8gY+xjTLCmT
Px4vuMVkNhuHvkVgqHwPMySw6gewOd4ApvLSbcEpRs2q6pneTT6Usq2M1k/hRI5O
P+DXjPt1eXJr3uRTj5RgEydeT9Tn5H9LAByXsS+qXDj64ZN5T/zpbWfZqDD/Cdix
ZdqSlROqIEcJr/QR7TYStQTeFcRQDUaagu2g44dX2TZXOsP8+JCrTqC0sheayPVc
PXbeAkLgUngqdsN8gwYX49MSzjwLeOU4KSl8fu0HrvU+tQ+2dr6N76kj9iMPQR3I
e6GSvbNRlpW0nj5Wwo9dXoM+hatB17H4SVDbV+KPvEV9C8pbQiDFJO+Pjkud/34l
QolqmjoFRQGMNRWQpsxlkRyfTXa8sXGmKhv0Tcppf/zpXWJjHy19SGaZQnRjvOTY
nyxJOba4+p4yUhafYAbOtPITY8nRM85Pykpdw0g7JWn7J01rUu8Fe2NAWBbe6p6C
l2TG6S5kpYhv2BBinzpVlgf3+6IB6sscWm4LuMOZ5uG09MkZLvJg4CnImYO5yvPv
a3PBxRDwQEwTg5QLiNoyo0DmWmtBiZGZGka3QWOtvAVBaUjifKeEiSWU9DWQaM7+
bAC8PMuawcIWn7TVUTlQ2PMrSRV2liczEkUDIoHvicre/PrvbCqFcwuRVAVbRQ8G
o4smFOJ+dzbANv4o4n3aT29HdeE5+oqW9TzLKgXKqprwHO/dAioyCa4Z6vgELuP8
v5ygKoV6Q3Ly+Bar8qLMO6igmSkLYUUdss9vgeaZeL3tYJwFYgp8FFNErkC4CIT3
bulmlOooRP2BR5JCJuCyud9OhvOt6CRNGNkAj79axVUmAZhRpmI/zQ53rgmhVADc
WJfyBDavXD8GVgUoPAn0dfai4yl0uyPwZgdKg8/wNOgq+Cy58TDX9Q6Wzno89QoA
icmF3SfXWCZAhm7Juai20Jkhy/xKRbniPbSJeLH2EcqAzy8lgW5tC35Bk5VjA2Vw
kVIzMQf/plfRnGu9IxY0+WGILylJC1017S5kTRWZD0d555EkevKOXhOcsiiiovKK
BN94etKJdnTiWsQt1c05se49IlmqhlAIoTa7VtLzgMUu3aaeIy+u+8M2LOe188Hm
TP2+aziadBo0X8oQGtqGjSFztrMcVX/B4fBPDzf+CWn1m4S0HeFhCiNaoP4SNhar
VgsS/qKznKcMGkWqEu2ck6xCtJq6W67Nua++ImBti2+MX/zs8PX+W4NHvpEJAcZJ
eV/Xh/T0lfFE9pKVPI4wZSXpv6UvXckQq/MfRJo4oMPnT/2UfpSLhWtbmx2iR3xx
guIojO9E5tZ6E+I4g/BlaaOi38oAbOZkgXoq23uJ6se/FI1E3YXZ9zPh8rIHWX+w
34WGHtwa1wyYPamHNqANUtK9pu1zYU4Iyb1R6QRjUR7/AJblIwPeo9EtwhxlhXEX
l3kINoMZ6M5K7YPmvx0S41ooqvGTigBL1A9gOv0XLOgLH5E2jgAyiH8zaok2a2gA
VuO5fijMLJEevsi5h5SDiWYdHqRCIt5cfSFBEaWRuxt9w4Ad405rW8rQZG9y/ip5
MwTlP+HWlJVyZykdlmxEBAOlra7Ryo7kR55+8xHXl66WPFh4aRGjnJg1GNUSiVgv
xoOj7v6enPncORfLoNOzr/Uh4bfJHDq9BY5kWUaj9nBxTgJF7PatP/5Lx4xR422q
6S6MQuRT1emdINVzNv5BRmKeQzZQDpyzJZ1lWhzS2sWktNM9gYEzp6y2JJhIo1RP
ssi3M1Bj8fEA9dmhz5iPxOG5Mkc2u2BQlKOldxS+hLLw4T0Y/CyYn0XIv4lwG/Sq
wA6b0hGr3L0qDDX6yRfptUv2UcKGdxCQCgb8XoEqhBz0ax6Qqv9CbLkxnPC2Hk80
UGjPCKrP9DF3oMx0P0TGIL8BGuIZUSLFeKVNIhM78zvy6eyA8vX2aVC3bQuXi3Fr
fUcOjAMNu/uKqaLdHqUiHh6FGKXXwtnAEXIv+DVWjq1Unc3pyAvu2KTNG5PnZabb
emcg+WpQcaazGo4u+DSxqW5bb4joOdqs1z5+q7/NvykV4/wbvEoBHnGRqHoJYIRw
bj+BayX2AA5f8KK0xU9meKcDvlnbdYQYqYJa9ZwBpdN08ytj1DT8t1+RKDp2PhOD
R2WwgDX5ylqjlyTkdHwHXHup+HMFJ1DpVNRsRNDPOeM3VuvoZovtl0bS5lWBoq1+
ddXjvJ27JxQ9UeCYFlqtD7y3ggecomECfMwOjdtCeFzsbkSvsxfkV5w914f16hpR
sTjak5DsKhFg4sKl0BUz3XKrrOHZzPVkaEgHOO4Gdgq1TvrYm4fwA6+9yaOgJAJA
1rSTDioyOi5SqqckWtwyzACLdltz5EMXX9CddkBk7JXsctpcR/otvNn3n26CfRBL
Lejfj7qJQl8FT4AZFxue9DB3p6NfrdssDnLC89CsPwMMv75tSNH6klHScWKrAT+d
nVsMGeH12l7SiNv/EvYWHXwbngx5T+KGogSnVPUfKVQIiQklye6T5zVYAmcUrsDO
Q5c8SVFxy/jd3swAYeiVK2Z85qlEtv0ZW0wUoui0wUDaPwrc5Lq9TdTPubEhz6q3
7dlc7cQB4cZ3APNP6k6umQhpuSLm6+QdfRoWf7VshsNp/EpH+3XKZlmfpXfSXEOT
dPL4RAx384nee4H2IA0LwUr5Mc+0yUuAqcnbl7Yj4A+gYRajBak+KkZ/EE2r7YRk
BMEl1QaODv5U4/0PksMQrz82hagkIvSC1zReTHaTiLcsgkJfQXq4nrCgg/z/GxAy
8CONOvSEMyVTFq4OpY4hgCTR9QlCHGBW09M8fmWjatGWFeHvJgU2WTu/MN45s3ZR
C2wX2kcJz3L7rdhkf3OoA3UiC9DmPtXr3stYUblcfDcBc+KnCNJkc6zOraPDX5tv
pxmUHeaMj4yL40kjgNCMxrfthM4HBr7Ihqim81NaNrOZmIamSRlCp+vghFRmfOIh
HaK+pm4bnpqjOTfiwYnrsymQ0DdtS5ZPTX/NISBXajjd+hScX3gDszukavtZdUNB
Ojv34uqnlh9f1ZSyKGPaMAdVj1FZnRdmSjrQsYpwWB9S4I2aAX6vC8qwQeR4VN+c
mhj9dPfaow+26uXutKXaWsAcnGR8vA+87zjeBWMRrcAZnkuOpzg7bLlj1OHMXpHR
eoAIII/AQfAOmUBm7TpadqKD54fhXGqkxFfWMfg92i50dN0OPRXAA7So2VoGi+VV
WAhGzNFyNtrWsv+RMDwJdY1A1cSHFSUKggeoQ0noBGyNhqTuWW5/+TBSbWHje7GL
oBMMfec3ktwAbN3Sy34Eg/DzQ4XK3Wx5TyzZHO8vkSU3rG45lICv7LrdKGsmMf69
O9keK0qmm5/ppzPQGM3yMfuHpAGk6fDK8vX0JsiFAATCEcp1R6c3ezHCH223sQ1U
NjprcEmn+gTALmYlekik0CIbJru73KePidOUS9Dcx2LOu7PDiGQpfWDrV+99WeMs
vWfbMfJ6u4pX3b+eaeylh7wYkyySdCPt+LYyxhUQsmYPiNfInVuUWsBcYYMgChx7
brYIBgrBFQgSP9N7iqowC6UNVFvc8UH60QIaC/vFbk5KZoRqu5vjQf+44nJLibzL
6etWYzG04vncfO9+0LYTwejdRkc1YPSAsEhAivnltpUNp+ufLKOK55W+54BS/NUA
vkmW4XNJKb4GXAXImZAl+4OQypoORTHvdz5H2FCke1Azl/kF9qIqyZF8aD87Tv84
odhK/Veu31TQW5kMofC75QdnB4tl327lfRIhfWOynbgG2iLUCy+HitcR3nkHpasN
SHVWmoDjd7FvLvmxXD6rvOdaWgCTLzR4T+EgpePoFFSgyFck7Y+1qsy5yOl40dH1
+NZPaD60ocDSYUk87c8nDlcnl1O0sXS3VoYuSK8P+Qnk84II+eAbkHVW3CWO3eMt
tNzCkw0qqyRy6gPCcNRBPlHn9LpD5njRitGwdtosB3udSsrMxiMeRL5WhfJMo4np
gmi7uCDCCj4RSWUglufGi4gRSspfWTASswqqEuvdUV5nWJ4+4iWHp3sq7n7OBQKT
OvVWr9Wz37RhlR0sYSLR1seUwATzwZrUC0mc4iJ2uqyFmVGcgVvCUqa/0K4naA7n
e3R0Uwo3snZQ/Vsn7AGtfnP44ZSWFiAXSHLFlJX3HmVXboeh+l/r/KfiwnJ4k/Sg
La+LWuEbp1EJ4p28+YfTicl518xEozDvxD7b7nsV+Xf3j0+z7jKXxr8jS+u+EQRG
IWji/8MW2q0ohKnru5VcTq8hojhrewttRA+19lAYb+qh6zZfPt8ZkOaG0qyn0BMK
KjzvorSk19YZYrUhZLv/g6ValYX8poWVo+jLk9y8+wR67uUsGBJ9AlcFac+7/SZl
imcz8RWJAeYOajHJRaY+lWJJp1t5BHzI343npyrouK9AzpDiKOKB3Rq880mzJ3zP
tPeKi/roVTJXkVCjagoFHEcuIObeurcFDG7FJtDbIPEUYNHlX7/mC33EIZopakm1
koGRAxSS2CjNPVhZPsNN8R86+iCASF7xR39EclFN3803zayKlF6KN8ghY+DOId70
UsyEWTd4rrTeJ60VSxEeduwAcggnU+9ehIYakyJMyO4P+xVcTZ+qmv5pAQEa/VuW
pBs5llVRaRC9t50/f3dNR7hEMzil75stGFCr+xo5zbbFOUdW4YmW870Q/tyIBlcj
IqoliGtDgmVdVnUD+G2jYwUB2iv6v/urK5+0/VQfR9A6DLwUHdW0XNEDRNdo+UmG
UqqHYOuw6bVYyaiO2AJm3LAFM6lAcPi/x3KhQku8DEaWLCEijRxPBPAWR2p+ku1D
qIv6vBvG/mBM51eTQvKeDqBA0W9d022Ez90vdbqcyC3CZCP7y3Rw2zM0eST7kpSU
qHMh660lKULq089vH2Nm8ylt3ZjMmURyUxuU/5+NlAgcii27S2yyiGtO03/Szs0C
tTWn1HRgbUI9Nm7SVNrKTYSoP9ARHsg52CSVMwErOkgcttaAj7W5rVuc7lgqabl4
tSwkm0VWjBaK705tlMMEQdDWwkRDGwamcKxHYhWFbjOEWTS12NWHnVIQJrePSOYT
DTYkxeW9eP5bj2DTa1onKmhhqX5jsh3W6QwUUODrvFiEUQdttdiN9TQmqxkIIpST
XP45TperURQHjLNp0iv6W9LzPpPqcYHdj90N3NnNsCFDndjeUQ0GE9te+wS+Bp4w
t5runkjqgb5k+0R+vq79lQFfDFuF3hQbwIS0RlhvBB2Y+xRO4D7jcp5vYSFa2IFl
dN/NSxjnHegw/tHZAzduI3QcudCz5qS952B/CBBIGz4m0wh4Sj6iGzOfW0i0039h
0OIbr6r/OSlOMP4zCZBA+cSfszTKP+XBee8DvEUmDmPSa3zC15F/rOdoI+YL5X+M
/dheAkPaG86zs8NVPnf1MZj/aymVFMm9gNaZEhDF4abyKcgSFppDaLS/74nZQRb5
2bTgyTqywt9ogl29YdeMTbqBX06H1Lq+tRJvoiOq+djeLa9XZ4WkoGAKObKaJU0w
n38jp36KhxaCSxo0jvsRFMz/RbvJE3F1CCz1TGTSX+u2HZsctGfow/0JzqIgIOMg
2EuyA+0Ut2UaCG+hTxKmkGGVjMui/UtrvPkRfYYQzuyo9erUQNPCgY2sx6tC+LI7
SqfwDb3W4pnfiTGJsjzkoTH6aLAE/iAoogiYdxPU8TZwIAY8NH/1zkTXNE2gIREo
lMppwgiAK39xFsAYPpJEIypDDYQ4uXcukBfwLNVXZJhWsy/wugf/9zanHmms0S1+
js7+t9ZX7hfMLkEZ14E9zmRUG0zywvc/xb3ZB80ot7iPvtLtNzKfLx9Jfs9wQLtf
Bf/lG3RCUmWz2YEHzmruyEUFoKsphQqbt8VJBSQ1zhvZLBBVzQGyPyyOTDmcB69N
P+SeXXUOqdUA/ojfmgBuBoybIKw3VZaZnksaOC8TJ3x59zITzVESVwBrT/UFw2DP
A1MnrhYXDtJvuxmmyWElvbmk2ii6ACJwcOKLLwWEBsRy23Do1Ux5zVcFp/yDVehD
chBLzQX3i9HWSvBdR2Z2NedLRHWXu4G3Cl2A81ctJFjPKg59jd1DDxGbX1DxvDyi
/5UyeJw0GZaZ511zm1bxqRUya0vDECsG4HiMAjmUEIxgLIqIZDP0H8Mu34MgbYZB
Xk8J7JGeEPJQ6ufr0ktAIyXMISDy6U3xGkqvb3Qdf5DEeOj83SZRJttIZjWWdt0s
zpiDclFzruqZSqkWPWdAlX/g0tcLd+zih8vCUM7+UOmbqThHy/5dkX+o/vYr3j32
ymcirFBjFW3FFI241QmaHJnUg86UsfsSbLHCiIpzLr1VsRwHc4CIRRZsKhyvb2FU
h3WtV99CbdkeAuONPtiQ54l2pj+N1nPmWvd/skL0jOWOQejzU1hjKYG9ac7GvSHy
onrsDdT0YdNd9GiNUmWBnek3fNsbgiOdH0NR19xLq7ph3kjeoc2Zq9U/cN11UD+B
BFXlWetTFZ7oq5wnnfqq9GGzmLw+7nLov0XNIvgZsL98O/4FN1b2GJ5xGk8RzBcN
snRZzgtsZFmeQ7298eyBIUgXS4fDXfZxAzETybedJMKSvZEKFjNl8f3boqDybd6G
hpV4vwCzAAJTGOv1ca48iSE+WUoHK9siBdHPJj9eom6GxVG3+X0zOiYLzgnGhb09
ibkQizy5No/tMGOD7Y5D4LDYu7GaJoSI77ZO5b1YxL5MBgR++8slTe8MyVL73DpG
bGm0f17sPuuiZkKnI6/wwhkLeE40s8PpO9gCcEysDF0uMcYfP3MrtQE3bXUDVfE1
8+9/AS7UN0tebzUi9ooDuBuoP2FiOmdrDnfzYcPKvh4gnKWUHDVuN8HivXz0es52
UDmT4nSseM645QxlBJ9yUOwbXJeTb86q0xkKG+DYA3rMVwKTpBZpykq3dN2DL55u
pc0CGYKAFLYD+JJvpNsrsPNHaUo1AFxTIYZO1hLRfL0mx8UrvRK1iuCZOdUe86Yi
TRsu1o64iIqf5c7bf73XaYsYxiCLbYZDAWv3F+j/IpKJ+xvIlu0nMR4SmgedE+ro
PK9KUMiK8j9anye5qKs46OVZi9JzbLKxih68aG3UCFfBMjsaMQJwxprC4hnlmkyb
tXyE6eIjC2xJ5JqVwUpjckx+ogrxsL0QpezGj/synHbqyQBqxLulzGunvisM2/yH
JGT8pc6EOw387BobmPWJw9ezIKa2iW9Zbf+fAmAb4z9gkrVW1vjQr9zq8A9Qtu8K
XSDEvcwsDzp9VIey3BGhb9P4Smf3do4c3FgXDy9XhsR0dabSf3JafjpB4E4Slg7c
UY4xJIqFy8acGVUzvfAtfIQmdxRojBnAW4w9KneHcYAyZV+neVPNOB5FRhf5bnEo
QWrROlJhVCBgleUeb7dO9VkxFK2GaUn8vLQKJ3EXi/Q1PspW5r+Y0AHRIWdzPBs1
w4I9Pr/WtbWXShPQHDJOC4M8+RR9x+OpuIHaRhHlPsbQWVZ0y6y7Tcge1cadGgsT
bHRHXxPiJ1xxa+JsTGB7RaMf6WcXr2JH6xc2LHlsyB7JO8qY4sw15MImw9Cp0Zz1
LuaiZkaS8voc/UgvOnZWe5Qwnk3nC5r9YsuSNlxxg7hvU1dE7katIFLrCYSfCO1G
uectuWC2PWWl5Rp1L5Rkc1wALtXDhyxeDn4my/zRbKkuDg30GwpbXl/aT0NSc5fU
4GT7DV98T52kHBtidbTuhHqLJXEWL66PuSyRy9sGRLQTXe3M4SIDMdxJ68Ot/vOA
lGeVoI8Lfu37NsxCuVCHqHhdsanKblbxlWzIQM4nt6tXngiAI5ZVloW5nykswUO0
g/bQDCxr1wnbevHjI7Ye1nZPOBMk2c7CxUrGhVH7lweO0I9zySoD53U+Gni4YaXM
xgCimya0ANUhcs3ZqXWu8vwi7JNzsnWT7pjfPJPiEvK64UshVcTY+33w0p82gHkz
I/Esj+0r3F31LDQnHFMI+3el67qUjs10VbKDQ7+JmN1T4/qFoOY28wJbUCbjCmx2
s3fC4ljn/FsG3AAYmej+bYipPyLhyN9BDMRG5jjshXAnec88XvlzGb1i56Mwrckw
IXkRC913FrovyW/pZVxILVS3zXdJqntzIqTyu4s/+o1RaASCV5zr0PnwxxgzpI6f
Qt+Xf1JiY4JJnOwoKoFIK9xLgwrfbq6Lc6dHCQjufuL14Arc6CVSnReAY6BOJjuF
1ULMLntiCfRS6528Fbn6zvYTdYtCnrT1YAYcO4o2Qsj1PXkItCbjZxcwnKbtWIgH
7TfCFhvEtZyNE9F6VAgMOCXYh+OLD2oohpmIWPLgSEp/6jBycPKgafeT90vvz1OG
YyRKxeM/wugVKLldLZUP5fiMcEzab05MhE9NQ6bzmoT0nAwb4lQUI9mkTybPRIlz
cxXVDIY/NuVWwh6ibFi5JulynhA30EsmsCkwoJr/44rvttfOa+bxjj83QNwqyNGm
SNszYoJo3BIuN+n4W7PRtMsiw3L0x/AIxP+HcIIVArz0qsu0DPn0qnpaFwBE6Rbz
AFuOtDs4xVEQTDFZhLQxd6zqIOQFrmCtTLnwbMRD4IRC9LGgZ61Kh+sfOkskSVDU
bBPeWr531AGlYiM1akmRj4HnX+thDgNNwrfDFOjXFgcAVFnGyCBNPICg3MdHTppX
b5kTRzuplX2R3yYaKkb+ZddRS4o3lOKaWsf/hny85VbKVCCOZ0j6IPevwEcufGEE
fuMFDNh2izpxHeyr4NszNuVW6+zl1lYHBfBJg9/o9/ltxaEeoppS8X8qm3trhspq
YbXXFoEyv92VpYRZ0pz6NG7h+kHJNu/iKhzI5Uw01XFmpi+k0JlHsmzq1V4RBlTy
rbozkK2Xh1b9ooUDJFKt//glOYoorvJZ6bLEpHFAXdXh/4nCMZbtIA6AVp05Pmde
KeSsVL/JHDr1MkLTFVVjHFgkwY0iDZCoWCBrwScyuV/uf1DkZLH0UrZVzcpIUC5N
ZDm/dgyv9luv9GjXiFUVOzlFHOWDWBkKTJyRGt+8PsbWSc5LUN7eY4VWA7eT5rxu
szdtiRQ9z3Xa1jc7FA+JXy02QLvAFZk8wpO0pDnEDVWOvR2FQHl/7a1JuAK4D1wj
w03Jxj1/bHDj/tGPAhS7Q5vwCY0g5VRsOX67BL/2ixP9pQun630n8vUdLRtZXakY
+aFm6hZiC05KIoHzjKgQGOrJSuA1U5hT/e8VYvnlkPdVKs3zizhtef5VKp4ctRR0
Y6wjGt+u/gxsSpxFcVnZYXyTblOVj+KhWYrmsmHhk+55N2P8A824oi6238V4W6US
C6Ck5GHUqUUU0Bs2QJKVV+2ZemrGA3DJ5uJeao16sAbdRsKXgxHmdwEd6GaRYk+M
9v7g6XywWJTj08gZF3EjEV4+fnqgl9paTk0QsHszhnb9UtL8Htq8uQbUhLeXbiMj
HGwWxZYkDC9CqvFZ3pFvBGYgG/9ttgWxdb2Kj9QD7GjIv+IotxclK/xWxyeee9fl
DCgt5pTPJ4P4Zp/HzBfiL/or/E0dfLGKIrBrYUgTLzSPw/epncLO3iZdpZJKH8e9
sgAMVQdGsfVTQpmYTrzvcPAx3IE3WS7Xt+nq43xpuk0i7GYM8UlzVrH8EmsR88dh
UN+6QPv2rTwLBL8Al+HGJ/IK8goLVheI2WaMWnN7FVU0vWfrm0ZtgdKyo4yWPbU1
4mIgypRetWPbEH9eV44A7RsA8szvMn0UeQjH49kX+RCZtMxY3k8fS3TlUmaM7P4C
2w8DL6RPYpvMI52jfSoCiYmhb819fBelm2Dp1lyT0hglA4tWPsy4tSBq5+MFr3Tu
oMBvWXNI0RZZ4esn+Q+NrHBsYi8EpE4h7PEP266QfRqRqEjvlxKfNDg+NjAqmcHE
d27Tarjlnl2RJ3c1hDkl2P5AbtxlyllfAQOfK6jijoDwpSXErY1MVASpxc05fNXn
3Y0+CE6D9PkJMuyo+2Fs46bhC/4rO8m1E/atjTjlHcckGEVTU6lAHNLDClLzPoa5
OuQpoUwaqoCSJSoM1RnXV2M5lM8KJgDU9M+LgsgdBU/7HvngQ2oCoCrvkZte2v8r
PdqxlijSG/gMf/V+VHJ1AYH62HA4M7njo9o6ajl1nLZiWIScV5hAW3qHFspxGuSm
bN+SjaXVLh0tjEyqUoxj82MJ1odsdTcVnHCZ+bF//Cy6GSwjXL7wPn7tJoPYnmoL
DPtv8WVVYK6OEyDrAzJAKRXkyGO+pooWuwrXyMwfuMN9MPcpYyXRYq7LG2lh58fb
VwacV+zlw91DmJqlIHmuirTCKd9srvkqt8lAABAy/6gka1gegk2/zEomOdijhsvB
dHhiVRoMcE9QQMYLEiJrGccVk4gGwEybbm/yG6uvZXmlEDKgd+cgCs5uehmDg8Cb
KHM00Omf3aDPwuSO1FlX2TImw4hSkFWWGcKZBas1mtyEMAd2ThSSIO8Ugw6jWAE2
IdAXgUvwsAiKE9vWJ4PTveR/YRXQ8P4POmFAQf/MhhWhn+BCyhJtGpgSBvEhbJSe
GMv2LIL+clZvi0tzLeN0hm1i+wnQ/j1840QOX07HExJTHHkD0U+l5qlq1y4ZmKQE
hIgX4MFQmesAoEDf/xQ1AT/fjhh2mUssXgjnZRx1+JHsfkObsi+n4hKRmtbJGqde
zawI+ztaDftFW8jKdyDnC27FtkBDYn2gSurhm2HyjVnUP2YcYKViAJ2DmdhS6rbA
KDSbu8bm/cFyrfc24d/924o9MHXxNhhyQhTTS+4XYGhguMs2cKowqJ+bdIiiY4KN
fJJxZ6PIop7OxYqg7OsQ4X+bOzS5OeyrviJYI3RKW64kkZCGMaJM2XSi1lDL/ifR
p6jdbt40tzVykvFsDQe3NGZcsUdfhPzaOLsn5PmNwEkmIWwNf+wHwOFOLNBXRa1Z
DPIq0+uOVob9cnllGCPJmT2BrCyV/Mde19+88w/VGZPK1ngJ03KQOaLYwGv3H+FF
zVGslVLE5JlNpLPcny0nEVs6PTlagTUhEDxeK/hphGPPkxeZf2ck5kVsMLDGNzA/
iOGpL1kGPZzVooFRjc7gOP5KrSPzxf8+ufevdE4Mx99D8awXmUQHOKrMcyvmdOGx
jnTE8ckcl+6sC2W2JkVlf+B07IX8K5ZH2N1XECvysOnVL1byKvMW6tcnv/PKNnJz
jZpjf1M9qYgdDrIilBZtqIhaSy8DpgprJFmOlOydZxYTZ8R8DR2Kt2w95Hie84De
G1nZXoS/S9WeQ2GbmV6cf/fuyh6Fq9IfBCkm1PD+moSEWbHnvwpiM4LOpnnBkoh3
DzWoWV5SaK+4oP+NNNmgNcCmA+PU59LJ4nKbeb8cIyOI+P/+4O8YBp0p7F0xI0JA
d39sC8D8obJaTE8QLgkj+Lk+oSH2ZAflQZH2omTaahFA4Y68eaiLjW1eYAsa/sMl
yXJ3e64R6X29r4UvQPBLoBKYpby+ZEDANft4t8r45MCZ/IUdggpt/xk+N1/tTgVn
8Jat6WbeiWdjm2Rm3IhE3yIGpNgyH3zgA7wLuNckIaJ+VlmlzXrC467FIqEb5IRf
9tqrK15lVvV+IrqOzIm+ZP8Zx7CNr18C97k34tgmg8AgCfnkuyxuPd7D+bh/rRwP
Ic9Eb3iDg6EZauDOxKnJkUZtFd1eg6MzxQiErj60mAbX07kCB8cObY14l6tAPnHF
NWQ2qBu0uMobvw0znHOkoCEkJ1OPZl9CxfDUXAeNnJrAxUG+JZ/vKN1tIBxSMt+p
wYLeeoCbYEOmHUetVJGc1jyT3XhrBtXlkdXLnTQkhRLqYaeVv9Ax6B9rql1z/yq/
LieyHY37gsTFahTJORyDuABfFSGUSbX/AvTV48isLffGAwVbHPHMf80HtJ2VUeIy
4uxqTpelEGPNpvPdkZLj8BRDjW5Qv07cXxkjO6aGsAgJrSwtbxCCOMUpJH0XwScx
GEzsYSkRJhUZSPkPodNIzZibNHWN5qiMdbaSeZA3HuSHM1gJ6sWlZQff77JHX8SG
nrAt7ugN07KRldYRSscx0jDn4Yqm1+sJuf6/96dra4ya9iTjx1oa+4vNts1swjMP
dXi53TDZ0wIiqHXQ0tLcKVviQshAM9/3F04VbeV2POwpeNfGUNHTuo42jiDVqpRd
PtRd322QUKmVCyyOTTIiDcP33inNVHpiYBuGv5f6iBbLni3OYmH1rbwUVi+WzEWT
vRlCSR6yEVIME2Rr28WXYpct93wmUAAKaF2r6WeWCkVgnTXMc1urBO7HXqZkn//D
imAC6k9z1E5Znkoku9N04ldPMwSS38Bvjq11RhxQEzABHRPkuQAxCEfPqg3caV+m
pBrqETtSqluBQyXohoruaYPrtGCbdNWOI7PLCHP+Hxz43qWmObPcJM+YtGv6eRXw
c/9bBWhcKsKBkwJ8bKmzhKMQBIvh6q72SAwq26um84pDMT0vaY7YELR+f4U1Cs0o
Z1b6cR5fJRtu6M4HH0WKjyiIhWY7nTDP1RjH1X0C0pIr0t4QQT7nXgFU3bjhi59c
XM7iVS39NxuuDK+IbW9He3Qb7JCnCjsXHeShXvSvVLZTYcjyMDfNyKRixiK5wbvZ
ihTnMy1+uv6g7uGcJAUNCUGfpMYSRx69bRE29Y99VJGNiW1h01Nk0h/MAIMEEdI4
7WqM2DYGfJN3NnkC2BsnUDgGGigltd6Q6WV8wA/JB9qDmrofCVj/WkCD+PYZUXdY
ScCmYdYeDQ3YRQ/GMjHCbgYGLbpSYl4lCJQ9FrxNjdskdaxyDSZSk1BHZIPqVlJb
Un6t/ojFWwR4Qq3TiMd2Qi2eA7hM3Q3CoBq7IBV4WRJthEOR3TUGQbjaTRHcLuWN
jf9Pnm9qIuodGA7hlf0X4QC7SRfh8WpB71nSNrkUDaCikF00S9xE5XBnDb27NO2H
lO8N5YNrzfTQqDpoxKYLXD7aSptfMK9m9gXtLRGugSbNbbFi21vN01AaQtzVtHTa
bYGSFgbxEAqCSxI/k6rCJX4DE991UUG3KQiTXRNi2S441piTRf+z7fwbPkKcZgYP
7huJm5QxAsAmKa/1b+f9++EgkhHqeRTO4a27hL5WySh1mqRKuyVYwe6I4CZDYWCY
OAEDiA3Q5cu2nggxfL3tfSnizc674Ow1gQGKv/RtsXWJpRp1blZ1g9mw+roUPVtA
5aueIBepIIlYC7ODfFJVmD40623Ypak/d5a72KB2DcFBloVP2bfuJzNrS6UjOde7
5SylfoIMsyNSh1qgDMgw+dxEDWo0Nm6dLnfvlvMb6ZahJY4Go4vcdwPwmRlNSI6R
Bg112VFisDoS1acPM2LaS/SlijzVUPZ3GsjTiuT18WcLOdlRGp/N+bzK4jTa4U5q
SIHr+V1Pb8HwelGsnotp4RPGqe8C3Xwfo7bfdl4AdYD54yjNmn3DfkOwSbarC/Ql
PSnlbG9wrmkEQTQKIYPTfuzUXB55CwFnnazDLxMG6zg94iGdVsN1W6oQ9Neqja+u
VX4mKEIbT4Mu68fiGEGLUIkjZEwgrULo8b31t+JdJO5ssbHhqFb6sKitZYj2DVxH
DHCGixhDalzK5fV7neaCWtordJCtqZafgpF4Jf61bWHbBs2+EYDN7mlPY7/jLfEg
0IUn1Vw/1OD3DQkOY+CV8d/01fvLLFzgHJrJO8b4EDHiU4KFnSoC+tv9NrqTzYEE
9kkQHcvfng9QUqv8Nch0XmLyc2JTz8hxxGQyRcH1HvqlMg2Gkg9KiNrE0hRCY0BV
NNO1mKnJZypkDtN0foVFAyvPaF5STKoKUPQjYt5/Qw3LPXM9OCNF3YeQfWcBFuIK
cSAZWM34hs2lzBW+talfQvgUq9bjFextxDozCFWmJsHTxDURaaIbYn/bLB/Th2f/
VypzMWDkvJ024B3zbwi0iNvg5Yj3xzIrWHDwpfM4ntTS/S5BRquajUmg6Q3dcwc5
0RGpQjDpxN7XT8Y4i35F4EX4XmIBQ4V7s8qGF9Wr55o7FE+MMivx6NDf7WzQpoJB
Ne0QauevoRBJ5YbO3kIXz1DXQkvzajLXiiKGNCnDEc6c1U8e2r8cFlHBBTJNHxtA
8YO20YlxsS5CwRRosZoVzYZXy5K8uoa0Ctn8pyHU3Qkenr+TJbCan94Zk2aQUO4g
gr0pBSpShTEv9YWYCZfqowQWR4UVlQpJ9AhUFBGrOtYRMVzdWVDdpH7KnXm2ZOZG
5kGilGPrahkWf8fHIcNOpZBJTy0GRbGaoOmWqeLSejUra+83rRV2sRCgcoG8rY1D
kpHMn6sQZFJW2BS7XwK8uAUKukT3HFXqcPLno27oIsyDadeP6ZSynGudKR88KXeh
WEDyZ6GkCLKlah50lZOBkW2lGGf5nNEDYzBp9LTxAukm6PKpdip/yr68OBtSYMVE
P/r/vH+kIKx4eK8cZrvIwj5Fcg02OmyzeOQ7jqnHHzZ4FVPGrUid9dXftMJNduWz
riQNsYvm/xvj8RqTYqumzEo4q1uw4tD72o2XsOG/wy5B8DC1B3n3jlZt42IbydXc
UcHUKlmpRfLGXMV86c2SgSXw4uHllAL2h5z3pgMrGg2766jejR1WIiuYnvPLwoqY
DuxC+ZkFSEV8gHAFa6ylzbOz39HHwC/VkKmfqVuCjJoxKcqj6lUENeHAERFa4ZAB
dsJ3fx9Mv/DOIqYfj3FP1CeHnFsClfuG4k3TdEeOrM4XgRDTKHgnhDbWfZxLxEm8
9PrZuN/PkOW5qdYwHK5KT2XuWCm5Pam6w4CVUgaspluFkelf6dd/4cSuJU9IbpSw
rcbai7ovdJAwCWNUzxM3bkaRyt0X1CMTZcbk7lflaUMrL8NbV+hRcHcQuKhdbXzC
RhGd58X7CCSubYGBhVeUk04GsRNT62q2ygct+25UD1I9jlF6poVq/aX44SFLuShd
c2M7jG3nhyEZuj7hGl5X6VTLexZfF6x39GRiyuDfGfJDTKQP2uuC+qSSwwL28mrf
IS1LkwP7NDOPqThRh+wwGlx7GTPDZYKR9uagZln0fVD6x+N0sO7BiW7B/FIahX5V
KQxuejFxFkhYMSR2Jx3S+795Vmhb9Z50ZCFRuCHeXJb5v5Ie2NeVGSpzDTi5eS7o
YYwaXzrKejLaJV3pCrMgPi0I3jz1r2f0GSJF1KAJEiw8/X8n8POHdEjVPFWdDtCY
dt0G4AC9wEtiNXbYbgD52RQtMHTiDTT6LsSbug7PlAcHnBT+D/nltsFMT0+pU+A/
taimaCAY/5ss7cChhzH2TQmkdSwcyPW1lyuLsgUPWexSNTf8XsDT2owchh1HlegB
Lu0BqV1sVqUxycyxWYphX58gWUwB1tmh4Es2s7qoFbLmvyzC6lzErYXoDfW4Vzq1
SMJJsgYhdCP0t6Y+9mKnOFqEfRmscnIIoCDHvMEPI7aosF9SYzOo3GTFW6Bq2ofp
hh4uuvFXoR94MJQkGb6fZtj7/u4sVHhYuBW1dsty7XxzcSBtv6lbuDjp2gpChAKx
UpecRRaB/YhsPnnAgOCOSQR1j1z0GKjcWpx157dvwJvHmLWd6Yz+RdJajoHNrvPE
Y3gU5agKSBTxMcwoNpQxjxmJxAt0gRHnH9fqqtWd0+VmvrzUZ+fXEwYR6rCRsPcM
fDft9M02UAHk3r8knTRNbTf+LzyUZWN1wsNz/hoqF6wz6uPDd0PjOosBBrI5RYZ6
xcw41tE5ZNfFhSF9cXfR9Px2zERYBq1MLw/Zd+3qUTBE3sVRzopo97nW71Js8JqE
+S7lxNn5l3IoErKdZ5+bQz+FM6n8BYNXDsxK8zPpAq1g623iVapl6maQhxFIGr9N
+SoZkDMdXYA6zz7TjBCmoo8udDJBVToy+Q+y3VfsVlmxV2zNghqarLw8g/sTtq0/
S0PaRhb8l4l/n1bKGeTto/bKYZieX5NEUo8Z8oVQXHsDrNZHp4pJp5QoCkw1RRlU
ryNs+sRrWqdI5qxFr1dTSBE7xaP9ZDgpoWihGSNc/WxKY9HAfmgkLxiYyU8VH3CU
0Ijvd0L4ljqfAkRGPTb1c3HMaaVOUHgDHFDSpX93jDscGGpo9fj3/U2X2ubP2lMc
JAMehIvQ9zK6/dmvIoC3W/qywJhTFrbbayx/nBtVuPkHfeiCGBNPMm2iOG/QXhc4
vutfY59IM8ShGfwx1cpuEOgh5wD5q7A9QezWGcLk38eAxvc/8X6vNDRJDZF245rD
HnBmcZv9uA7f/ldTUk3I2ZfB7gUeJDQxx8gJJ4uMm2f4IR4E0f4oRp3+sa/oFBeh
4lvB8C4v9HRMh+92V/uZBel+Ymd8lUP9Ay+nj+DMZg7SsCbfvxY1ld/FieZbxQ==
[ 2023-02-25_03.49.221677314962 ] cat:501 staff:20
[ 2023-02-25_03.49.221677314962 ] bash 
[ 2023-02-25_03.49.251677314965 ] hey
