[ 2023-02-20_13.26.261676917586 ] : :
[ 2023-02-20_13.26.261676917586 ] unnamed.log google-search
[ 2023-02-20_13.27.081676917628 ] : :
[ 2023-02-20_13.27.081676917628 ] unnamed.log google-search
[ 2023-02-20_13.27.531676917673 ] : :
[ 2023-02-20_13.27.531676917673 ] unnamed.log id
[ 2023-02-20_13.28.381676917718 ] cat:501 staff:20
[ 2023-02-20_13.28.381676917718 ] unnamed.log google-search
[ 2023-02-20_13.28.561676917736 ] cat:501 staff:20
[ 2023-02-20_13.28.561676917736 ] unnamed.log google-search
[ 2023-02-20_19.41.421676940102 ] cat:501 staff:20
[ 2023-02-20_19.41.421676940102 ] unnamed.log install-docker-macos
[ 2023-02-20_19.42.151676940135 ] cat:501 staff:20
[ 2023-02-20_19.42.151676940135 ] unnamed.log install-docker-macos
[ 2023-02-20_23.03.141676952194 ] cat:501 staff:20
[ 2023-02-20_23.03.141676952194 ] unnamed.log jumble
[ 2023-02-20_23.50.591676955059 ] cat:501 staff:20
[ 2023-02-20_23.50.591676955059 ] unnamed.log bios-to-gpt
[ 2023-02-20_23.59.501676955590 ] cat:501 staff:20
[ 2023-02-20_23.59.501676955590 ] unnamed.log bios-to-gpt
[ 2023-02-21_00.00.001676955600 ] cat:501 staff:20
[ 2023-02-21_00.00.001676955600 ] unnamed.log bios-to-gpt
[ 2023-02-21_00.00.171676955617 ] cat:501 staff:20
[ 2023-02-21_00.00.171676955617 ] unnamed.log bios-to-gpt
[ 2023-02-21_00.00.351676955635 ] cat:501 staff:20
[ 2023-02-21_00.00.351676955635 ] unnamed.log bios-to-gpt
[ 2023-02-21_00.01.471676955707 ] cat:501 staff:20
[ 2023-02-21_00.01.471676955707 ] unnamed.log bios-to-gpt
[ 2023-02-21_11.13.211676996001 ] cat:501 staff:20
[ 2023-02-21_11.13.211676996001 ] unnamed.log js-obfuscate
[ 2023-02-21_11.14.501676996090 ] cat:501 staff:20
[ 2023-02-21_11.14.501676996090 ] unnamed.log js-obfuscate
[ 2023-02-21_11.15.481676996148 ] cat:501 staff:20
[ 2023-02-21_11.15.481676996148 ] unnamed.log js-obfuscate
[ 2023-02-21_11.18.141676996294 ] cat:501 staff:20
[ 2023-02-21_11.18.141676996294 ] unnamed.log js-obfuscate
[ 2023-02-21_14.17.501677007070 ] cat:501 staff:20
[ 2023-02-21_14.17.501677007070 ] unnamed.log google-serach
[ 2023-02-21_14.17.541677007074 ] cat:501 staff:20
[ 2023-02-21_14.17.541677007074 ] unnamed.log google-search
[ 2023-02-21_17.19.581677017998 ] cat:501 staff:20
[ 2023-02-21_17.19.581677017998 ] unnamed.log smile
[ 2023-02-21_17.20.221677018022 ] cat:501 staff:20
[ 2023-02-21_17.20.221677018022 ] unnamed.log smile
[ 2023-02-21_17.20.281677018028 ] cat:501 staff:20
[ 2023-02-21_17.20.281677018028 ] unnamed.log smile
[ 2023-02-21_17.22.091677018129 ] cat:501 staff:20
[ 2023-02-21_17.22.091677018129 ] unnamed.log smile
[ 2023-02-21_17.23.401677018220 ] cat:501 staff:20
[ 2023-02-21_17.23.401677018220 ] unnamed.log smile
[ 2023-02-21_17.23.451677018225 ] cat:501 staff:20
[ 2023-02-21_17.23.451677018225 ] unnamed.log smile
[ 2023-02-21_17.25.101677018310 ] cat:501 staff:20
[ 2023-02-21_17.25.101677018310 ] unnamed.log smile
[ 2023-02-21_17.25.531677018353 ] cat:501 staff:20
[ 2023-02-21_17.25.531677018353 ] unnamed.log smile
[ 2023-02-21_17.26.081677018368 ] cat:501 staff:20
[ 2023-02-21_17.26.081677018368 ] unnamed.log smile
[ 2023-02-21_17.26.241677018384 ] cat:501 staff:20
[ 2023-02-21_17.26.241677018384 ] unnamed.log smile
[ 2023-02-21_17.27.201677018440 ] cat:501 staff:20
[ 2023-02-21_17.27.201677018440 ] unnamed.log smile
[ 2023-02-21_17.27.341677018454 ] cat:501 staff:20
[ 2023-02-21_17.27.341677018454 ] unnamed.log smile
[ 2023-02-21_17.27.591677018479 ] cat:501 staff:20
[ 2023-02-21_17.27.591677018479 ] unnamed.log smile
[ 2023-02-21_17.28.131677018493 ] cat:501 staff:20
[ 2023-02-21_17.28.131677018493 ] unnamed.log smile
[ 2023-02-21_17.28.221677018502 ] cat:501 staff:20
[ 2023-02-21_17.28.221677018502 ] unnamed.log smile
[ 2023-02-21_17.30.261677018626 ] cat:501 staff:20
[ 2023-02-21_17.30.261677018626 ] unnamed.log smile
[ 2023-02-21_17.30.401677018640 ] cat:501 staff:20
[ 2023-02-21_17.30.401677018640 ] unnamed.log smile
[ 2023-02-21_17.30.501677018650 ] cat:501 staff:20
[ 2023-02-21_17.30.501677018650 ] unnamed.log smile
[ 2023-02-21_17.31.051677018665 ] cat:501 staff:20
[ 2023-02-21_17.31.051677018665 ] unnamed.log smile
[ 2023-02-21_17.31.131677018673 ] cat:501 staff:20
[ 2023-02-21_17.31.131677018673 ] unnamed.log smile
[ 2023-02-21_17.31.361677018696 ] cat:501 staff:20
[ 2023-02-21_17.31.361677018696 ] unnamed.log smile
[ 2023-02-21_17.32.081677018728 ] cat:501 staff:20
[ 2023-02-21_17.32.081677018728 ] unnamed.log smile
[ 2023-02-21_17.34.501677018890 ] cat:501 staff:20
[ 2023-02-21_17.34.501677018890 ] unnamed.log smile
[ 2023-02-21_17.35.061677018906 ] cat:501 staff:20
[ 2023-02-21_17.35.061677018906 ] unnamed.log smile
[ 2023-02-21_17.35.281677018928 ] cat:501 staff:20
[ 2023-02-21_17.35.281677018928 ] unnamed.log smile
[ 2023-02-21_17.35.451677018945 ] cat:501 staff:20
[ 2023-02-21_17.35.451677018945 ] unnamed.log smile
[ 2023-02-21_17.36.261677018986 ] cat:501 staff:20
[ 2023-02-21_17.36.261677018986 ] unnamed.log smile
[ 2023-02-21_17.36.481677019008 ] cat:501 staff:20
[ 2023-02-21_17.36.481677019008 ] unnamed.log smile
[ 2023-02-21_17.37.031677019023 ] cat:501 staff:20
[ 2023-02-21_17.37.031677019023 ] unnamed.log smile
[ 2023-02-21_17.37.251677019045 ] cat:501 staff:20
[ 2023-02-21_17.37.251677019045 ] unnamed.log smile
[ 2023-02-21_17.37.391677019059 ] cat:501 staff:20
[ 2023-02-21_17.37.391677019059 ] unnamed.log smile
[ 2023-02-21_17.38.261677019106 ] cat:501 staff:20
[ 2023-02-21_17.38.261677019106 ] unnamed.log smile
[ 2023-02-21_17.38.471677019127 ] cat:501 staff:20
[ 2023-02-21_17.38.471677019127 ] unnamed.log smile
[ 2023-02-21_23.55.571677041757 ] cat:501 staff:20
[ 2023-02-21_23.55.571677041757 ] unnamed.log google-search
[ 2023-02-22_01.47.361677048456 ] cat:501 staff:20
[ 2023-02-22_01.47.361677048456 ] unnamed.log decrypt
[ 2023-02-22_01.48.021677048482 ] cat:501 staff:20
[ 2023-02-22_01.48.021677048482 ] unnamed.log decrypt
[ 2023-02-22_10.05.441677078344 ] cat:501 staff:20
[ 2023-02-22_10.05.441677078344 ] unnamed.log show-all-exif-tags
[ 2023-02-23_17.11.541677190314 ] cat:501 staff:20
[ 2023-02-23_17.11.541677190314 ] unnamed.log encrypt
[ 2023-02-23_17.12.211677190341 ] cat:501 staff:20
[ 2023-02-23_17.12.211677190341 ] unnamed.log encrypt
[ 2023-02-23_17.14.121677190452 ] cat:501 staff:20
[ 2023-02-23_17.14.121677190452 ] unnamed.log install-shell
[ 2023-02-24_02.58.031677225483 ] cat:501 staff:20
[ 2023-02-24_02.58.031677225483 ] unnamed.log install-go
[ 2023-02-24_02.58.531677225533 ] cat:501 staff:20
[ 2023-02-24_02.58.531677225533 ] unnamed.log install-go
[ 2023-02-24_06.16.521677237412 ] cat:501 staff:20
[ 2023-02-24_06.16.521677237412 ] unnamed.log new-python
[ 2023-02-24_06.17.151677237435 ] cat:501 staff:20
[ 2023-02-24_06.17.151677237435 ] unnamed.log new-python
[ 2023-02-24_09.29.431677248983 ] cat:501 staff:20
[ 2023-02-24_09.29.431677248983 ] unnamed.log decryt
[ 2023-02-24_09.29.481677248988 ] cat:501 staff:20
[ 2023-02-24_09.29.481677248988 ] unnamed.log decrypt
[ 2023-02-24_09.34.211677249261 ] cat:501 staff:20
[ 2023-02-24_09.34.211677249261 ] unnamed.log new-jwt
[ 2023-02-24_10.27.561677252476 ] cat:501 staff:20
[ 2023-02-24_10.27.561677252476 ] unnamed.log rand-range
[ 2023-02-24_10.29.101677252550 ] cat:501 staff:20
[ 2023-02-24_10.29.101677252550 ] unnamed.log rand-range
[ 2023-02-24_10.29.201677252560 ] cat:501 staff:20
[ 2023-02-24_10.29.201677252560 ] unnamed.log rand-range
[ 2023-02-24_10.29.301677252570 ] cat:501 staff:20
[ 2023-02-24_10.29.301677252570 ] unnamed.log rand-range
[ 2023-02-24_10.29.431677252583 ] cat:501 staff:20
[ 2023-02-24_10.29.431677252583 ] unnamed.log rand-range
[ 2023-02-24_10.30.001677252600 ] cat:501 staff:20
[ 2023-02-24_10.30.001677252600 ] unnamed.log rand-range
[ 2023-02-24_10.30.161677252616 ] cat:501 staff:20
[ 2023-02-24_10.30.161677252616 ] unnamed.log proxyc
[ 2023-02-24_10.31.061677252666 ] cat:501 staff:20
[ 2023-02-24_10.31.061677252666 ] unnamed.log proxyc
[ 2023-02-24_10.32.281677252748 ] cat:501 staff:20
[ 2023-02-24_10.32.281677252748 ] unnamed.log proxyc
[ 2023-02-24_10.32.381677252758 ] cat:501 staff:20
[ 2023-02-24_10.32.381677252758 ] unnamed.log proxyc
[ 2023-02-24_10.32.501677252770 ] cat:501 staff:20
[ 2023-02-24_10.32.501677252770 ] unnamed.log proxyc
[ 2023-02-24_10.32.591677252779 ] cat:501 staff:20
[ 2023-02-24_10.32.591677252779 ] unnamed.log proxyc
[ 2023-02-24_10.33.121677252792 ] cat:501 staff:20
[ 2023-02-24_10.33.121677252792 ] unnamed.log proxyc
[ 2023-02-24_10.33.161677252796 ] cat:501 staff:20
[ 2023-02-24_10.33.161677252796 ] unnamed.log proxyc
[ 2023-02-24_10.33.571677252837 ] cat:501 staff:20
[ 2023-02-24_10.33.571677252837 ] unnamed.log proxyc
[ 2023-02-24_10.34.071677252847 ] cat:501 staff:20
[ 2023-02-24_10.34.071677252847 ] unnamed.log proxyc
[ 2023-02-24_10.36.471677253007 ] cat:501 staff:20
[ 2023-02-24_10.36.471677253007 ] unnamed.log proxyc
[ 2023-02-24_10.38.481677253128 ] cat:501 staff:20
[ 2023-02-24_10.38.481677253128 ] unnamed.log proxyc
[ 2023-02-24_10.40.251677253225 ] cat:501 staff:20
[ 2023-02-24_10.40.251677253225 ] unnamed.log proxyc
[ 2023-02-24_10.40.461677253246 ] cat:501 staff:20
[ 2023-02-24_10.40.461677253246 ] unnamed.log proxyc
[ 2023-02-24_10.41.031677253263 ] cat:501 staff:20
[ 2023-02-24_10.41.031677253263 ] unnamed.log proxyc
[ 2023-02-24_10.41.121677253272 ] cat:501 staff:20
[ 2023-02-24_10.41.121677253272 ] unnamed.log proxyc
[ 2023-02-24_10.43.231677253403 ] cat:501 staff:20
[ 2023-02-24_10.43.231677253403 ] unnamed.log proxyc
[ 2023-02-24_10.44.151677253455 ] cat:501 staff:20
[ 2023-02-24_10.44.151677253455 ] unnamed.log proxyc
[ 2023-02-24_10.45.201677253520 ] cat:501 staff:20
[ 2023-02-24_10.45.201677253520 ] unnamed.log proxyc
[ 2023-02-24_10.47.231677253643 ] cat:501 staff:20
[ 2023-02-24_10.47.231677253643 ] unnamed.log proxyc
[ 2023-02-24_10.47.531677253673 ] cat:501 staff:20
[ 2023-02-24_10.47.531677253673 ] unnamed.log proxyc
[ 2023-02-24_10.49.071677253747 ] cat:501 staff:20
[ 2023-02-24_10.49.071677253747 ] unnamed.log proxyc
[ 2023-02-24_10.49.211677253761 ] cat:501 staff:20
[ 2023-02-24_10.49.211677253761 ] unnamed.log proxyc
[ 2023-02-24_10.54.131677254053 ] cat:501 staff:20
[ 2023-02-24_10.54.131677254053 ] unnamed.log proxyc
[ 2023-02-24_10.56.061677254166 ] cat:501 staff:20
[ 2023-02-24_10.56.061677254166 ] unnamed.log proxyc
[ 2023-02-24_10.57.411677254261 ] cat:501 staff:20
[ 2023-02-24_10.57.411677254261 ] unnamed.log proxyc
[ 2023-02-24_11.14.131677255253 ] cat:501 staff:20
[ 2023-02-24_11.14.131677255253 ] unnamed.log tor-gen
[ 2023-02-24_11.24.131677255853 ] cat:501 staff:20
[ 2023-02-24_11.24.131677255853 ] unnamed.log tor-gen
[ 2023-02-24_11.34.491677256489 ] cat:501 staff:20
[ 2023-02-24_11.34.491677256489 ] unnamed.log proxyc
[ 2023-02-24_11.53.311677257611 ] cat:501 staff:20
[ 2023-02-24_11.53.311677257611 ] unnamed.log proxyc
[ 2023-02-24_11.53.341677257614 ] cat:501 staff:20
[ 2023-02-24_11.53.341677257614 ] unnamed.log tor-gen
[ 2023-02-24_12.40.591677260459 ] cat:501 staff:20
[ 2023-02-24_12.40.591677260459 ] unnamed.log proxyc
[ 2023-02-24_12.41.351677260495 ] cat:501 staff:20
[ 2023-02-24_12.41.351677260495 ] unnamed.log random-of
[ 2023-02-24_12.42.531677260573 ] cat:501 staff:20
[ 2023-02-24_12.42.531677260573 ] unnamed.log random-of
[ 2023-02-24_12.43.351677260615 ] cat:501 staff:20
[ 2023-02-24_12.43.351677260615 ] unnamed.log proxyc
[ 2023-02-24_12.47.071677260827 ] cat:501 staff:20
[ 2023-02-24_12.47.071677260827 ] unnamed.log proxyc
[ 2023-02-24_12.47.281677260848 ] cat:501 staff:20
[ 2023-02-24_12.47.281677260848 ] unnamed.log proxyc
[ 2023-02-24_14.20.111677266411 ] cat:501 staff:20
[ 2023-02-24_14.20.111677266411 ] unnamed.log gen-uuid
[ 2023-02-24_14.20.491677266449 ] cat:501 staff:20
[ 2023-02-24_14.20.491677266449 ] unnamed.log gen-uuid
[ 2023-02-24_20.09.451677287385 ] cat:501 staff:20
[ 2023-02-24_20.09.451677287385 ] unnamed.log upgrade-version
[ 2023-02-24_20.10.491677287449 ] cat:501 staff:20
[ 2023-02-24_20.10.491677287449 ] unnamed.log upgrade-version
[ 2023-02-24_20.10.571677287457 ] cat:501 staff:20
[ 2023-02-24_20.10.571677287457 ] unnamed.log upgrade-version
[ 2023-02-24_20.11.071677287467 ] cat:501 staff:20
[ 2023-02-24_20.11.071677287467 ] unnamed.log upgrade-version
[ 2023-02-24_20.11.131677287473 ] cat:501 staff:20
[ 2023-02-24_20.11.131677287473 ] unnamed.log upgrade-version
[ 2023-02-24_20.11.231677287483 ] cat:501 staff:20
[ 2023-02-24_20.11.231677287483 ] unnamed.log upgrade-version
[ 2023-02-24_20.11.351677287495 ] cat:501 staff:20
[ 2023-02-24_20.11.351677287495 ] unnamed.log upgrade-version
[ 2023-02-24_20.11.591677287519 ] cat:501 staff:20
[ 2023-02-24_20.11.591677287519 ] unnamed.log upgrade-version
[ 2023-02-24_20.12.061677287526 ] cat:501 staff:20
[ 2023-02-24_20.12.061677287526 ] unnamed.log upgrade-version
[ 2023-02-24_20.12.191677287539 ] cat:501 staff:20
[ 2023-02-24_20.12.191677287539 ] unnamed.log upgrade-version
[ 2023-02-24_20.12.251677287545 ] cat:501 staff:20
[ 2023-02-24_20.12.251677287545 ] unnamed.log upgrade-version
[ 2023-02-24_20.12.311677287551 ] cat:501 staff:20
[ 2023-02-24_20.12.311677287551 ] unnamed.log upgrade-version
[ 2023-02-24_20.18.431677287923 ] cat:501 staff:20
[ 2023-02-24_20.18.431677287923 ] unnamed.log downgrade-version
[ 2023-02-24_22.15.371677294937 ] cat:501 staff:20
[ 2023-02-24_22.15.371677294937 ] unnamed.log proxyc
[ 2023-02-24_22.37.051677296225 ] cat:501 staff:20
[ 2023-02-24_22.37.051677296225 ] unnamed.log install-js
[ 2023-02-24_22.37.141677296234 ] cat:501 staff:20
[ 2023-02-24_22.37.141677296234 ] unnamed.log install-nodejs
[ 2023-02-24_22.50.391677297039 ] cat:501 staff:20
[ 2023-02-24_22.50.391677297039 ] unnamed.log google-search
[ 2023-02-25_01.34.221677306862 ] cat:501 staff:20
[ 2023-02-25_01.34.221677306862 ] unnamed.log fmt-html
[ 2023-02-25_01.34.461677306886 ] cat:501 staff:20
[ 2023-02-25_01.34.461677306886 ] unnamed.log fmt-html
[ 2023-02-25_03.10.441677312644 ] cat:501 staff:20
[ 2023-02-25_03.10.441677312644 ] unnamed.log new-ip
[ 2023-02-25_03.11.331677312693 ] cat:501 staff:20
[ 2023-02-25_03.11.331677312693 ] unnamed.log new-ip
[ 2023-02-25_03.13.211677312801 ] cat:501 staff:20
[ 2023-02-25_03.13.211677312801 ] unnamed.log new-ip
[ 2023-02-25_03.13.441677312824 ] cat:501 staff:20
[ 2023-02-25_03.13.441677312824 ] unnamed.log new-ip
[ 2023-02-25_03.14.151677312855 ] cat:501 staff:20
[ 2023-02-25_03.14.151677312855 ] unnamed.log new-ip
[ 2023-02-25_03.15.291677312929 ] cat:501 staff:20
[ 2023-02-25_03.15.291677312929 ] unnamed.log new-ip
[ 2023-02-25_03.17.131677313033 ] cat:501 staff:20
[ 2023-02-25_03.17.131677313033 ] unnamed.log new-ip
[ 2023-02-25_03.17.511677313071 ] cat:501 staff:20
[ 2023-02-25_03.17.511677313071 ] unnamed.log new-ip
[ 2023-02-25_03.18.101677313090 ] cat:501 staff:20
[ 2023-02-25_03.18.101677313090 ] unnamed.log new-ip
[ 2023-02-25_03.19.191677313159 ] cat:501 staff:20
[ 2023-02-25_03.19.191677313159 ] unnamed.log new-ip
[ 2023-02-25_03.29.441677313784 ] cat:501 staff:20
[ 2023-02-25_03.29.441677313784 ] unnamed.log proxyc
[ 2023-02-25_03.30.021677313802 ] cat:501 staff:20
[ 2023-02-25_03.30.021677313802 ] unnamed.log new-ip
[ 2023-02-25_03.32.071677313927 ] cat:501 staff:20
[ 2023-02-25_03.32.071677313927 ] unnamed.log new-ip
[ 2023-02-25_03.39.301677314370 ] cat:501 staff:20
[ 2023-02-25_03.39.301677314370 ] unnamed.log new-ip
[ 2023-02-25_03.39.561677314396 ] cat:501 staff:20
[ 2023-02-25_03.39.561677314396 ] unnamed.log new-ip
[ 2023-02-25_03.42.151677314535 ] cat:501 staff:20
[ 2023-02-25_03.42.151677314535 ] unnamed.log new-ip
[ 2023-02-25_05.53.231677322403 ] cat:501 staff:20
[ 2023-02-25_05.53.231677322403 ] unnamed.log proxyc
[ 2023-02-25_12.34.321677346472 ] cat:501 staff:20
[ 2023-02-25_12.34.321677346472 ] unnamed.log new-bash
[ 2023-02-25_14.54.471677354887 ] cat:501 staff:20
[ 2023-02-25_14.54.471677354887 ] unnamed.log install-nodejs
[ 2023-02-25_15.04.411677355481 ] cat:501 staff:20
[ 2023-02-25_15.04.411677355481 ] unnamed.log new-bash
[ 2023-02-25_15.04.441677355484 ] cat:501 staff:20
[ 2023-02-25_15.04.441677355484 ] unnamed.log example
[ 2023-02-25_15.05.121677355512 ] cat:501 staff:20
[ 2023-02-25_15.05.121677355512 ] unnamed.log jakes-bash
[ 2023-02-25_15.05.431677355543 ] cat:501 staff:20
[ 2023-02-25_15.05.431677355543 ] unnamed.log example
[ 2023-02-25_15.06.031677355563 ] cat:501 staff:20
[ 2023-02-25_15.06.031677355563 ] unnamed.log example
[ 2023-02-25_15.06.411677355601 ] cat:501 staff:20
[ 2023-02-25_15.06.411677355601 ] unnamed.log example
[ 2023-02-25_15.08.271677355707 ] cat:501 staff:20
[ 2023-02-25_15.08.271677355707 ] unnamed.log new-ip
[ 2023-02-25_17.54.561677365696 ] cat:501 staff:20
[ 2023-02-25_17.54.561677365696 ] unnamed.log toggle-socks5-proxy
[ 2023-02-25_17.55.321677365732 ] cat:501 staff:20
[ 2023-02-25_17.55.321677365732 ] unnamed.log toggle-socks5-proxy
[ 2023-02-25_17.56.391677365799 ] cat:501 staff:20
[ 2023-02-25_17.56.391677365799 ] unnamed.log toggle-socks5-proxy
[ 2023-02-25_17.56.471677365807 ] cat:501 staff:20
[ 2023-02-25_17.56.471677365807 ] unnamed.log toggle-socks5-proxy
[ 2023-02-25_17.56.561677365816 ] cat:501 staff:20
[ 2023-02-25_17.56.561677365816 ] unnamed.log toggle-socks5-proxy
[ 2023-02-25_17.57.041677365824 ] cat:501 staff:20
[ 2023-02-25_17.57.041677365824 ] unnamed.log toggle-socks5-proxy
[ 2023-02-25_17.57.531677365873 ] cat:501 staff:20
[ 2023-02-25_17.57.531677365873 ] unnamed.log toggle-socks5-proxy
[ 2023-02-25_18.07.041677366424 ] cat:501 staff:20
[ 2023-02-25_18.07.041677366424 ] unnamed.log smil2
[ 2023-02-25_18.07.271677366447 ] cat:501 staff:20
[ 2023-02-25_18.07.271677366447 ] unnamed.log smil2
[ 2023-02-25_18.08.191677366499 ] cat:501 staff:20
[ 2023-02-25_18.08.191677366499 ] unnamed.log smil2
[ 2023-02-25_18.08.361677366516 ] cat:501 staff:20
[ 2023-02-25_18.08.361677366516 ] unnamed.log smil2
[ 2023-02-25_18.08.581677366538 ] cat:501 staff:20
[ 2023-02-25_18.08.581677366538 ] unnamed.log smil2
[ 2023-02-25_18.09.111677366551 ] cat:501 staff:20
[ 2023-02-25_18.09.111677366551 ] unnamed.log smil2
[ 2023-02-25_18.09.231677366563 ] cat:501 staff:20
[ 2023-02-25_18.09.231677366563 ] unnamed.log smil2
[ 2023-02-26_16.43.111677447791 ] cat:501 staff:20
[ 2023-02-26_16.43.111677447791 ] unnamed.log new-ip
[ 2023-02-26_20.47.381677462458 ] cat:501 staff:20
[ 2023-02-26_20.47.381677462458 ] unnamed.log exif-extract-gps
[ 2023-02-27_06.02.231677495743 ] cat:501 staff:20
[ 2023-02-27_06.02.231677495743 ] unnamed.log scrape-site
[ 2023-02-27_06.02.411677495761 ] cat:501 staff:20
[ 2023-02-27_06.02.411677495761 ] unnamed.log scrape-site
[ 2023-02-27_06.04.461677495886 ] cat:501 staff:20
[ 2023-02-27_06.04.461677495886 ] unnamed.log scrape-site
[ 2023-02-27_06.05.031677495903 ] cat:501 staff:20
[ 2023-02-27_06.05.031677495903 ] unnamed.log scrape-site
